{"t":{"$date":"2024-10-13T22:09:35.865+05:30"},"s":"I",  "c":"CONTROL",  "id":23285,   "ctx":"thread1","msg":"Automatically disabling TLS 1.0, to force-enable TLS 1.0 specify --sslDisabledProtocols 'none'"}
{"t":{"$date":"2024-10-13T22:09:35.868+05:30"},"s":"I",  "c":"CONTROL",  "id":5945603, "ctx":"thread1","msg":"Multi threading initialized"}
{"t":{"$date":"2024-10-13T22:09:35.869+05:30"},"s":"I",  "c":"NETWORK",  "id":4648601, "ctx":"thread1","msg":"Implicit TCP FastOpen unavailable. If TCP FastOpen is required, set at least one of the related parameters","attr":{"relatedParameters":["tcpFastOpenServer","tcpFastOpenClient","tcpFastOpenQueueSize"]}}
{"t":{"$date":"2024-10-13T22:09:35.869+05:30"},"s":"I",  "c":"NETWORK",  "id":4915701, "ctx":"thread1","msg":"Initialized wire specification","attr":{"spec":{"incomingExternalClient":{"minWireVersion":0,"maxWireVersion":25},"incomingInternalClient":{"minWireVersion":0,"maxWireVersion":25},"outgoing":{"minWireVersion":6,"maxWireVersion":25},"isInternalClient":true}}}
{"t":{"$date":"2024-10-13T22:09:35.874+05:30"},"s":"I",  "c":"TENANT_M", "id":7091600, "ctx":"thread1","msg":"Starting TenantMigrationAccessBlockerRegistry"}
{"t":{"$date":"2024-10-13T22:09:35.874+05:30"},"s":"I",  "c":"CONTROL",  "id":4615611, "ctx":"initandlisten","msg":"MongoDB starting","attr":{"pid":3372,"port":27017,"dbPath":"H:/mouhsen/F/VS-Code/naam-mudhalvan-proj/bookstore-smartbridge-project/backend/db/data","architecture":"64-bit","host":"DESKTOP-G2Q182J"}}
{"t":{"$date":"2024-10-13T22:09:35.874+05:30"},"s":"I",  "c":"CONTROL",  "id":23398,   "ctx":"initandlisten","msg":"Target operating system minimum version","attr":{"targetMinOS":"Windows 7/Windows Server 2008 R2"}}
{"t":{"$date":"2024-10-13T22:09:35.874+05:30"},"s":"I",  "c":"CONTROL",  "id":23403,   "ctx":"initandlisten","msg":"Build Info","attr":{"buildInfo":{"version":"8.0.0","gitVersion":"d7cd03b239ac39a3c7d63f7145e91aca36f93db6","modules":[],"allocator":"tcmalloc-gperf","environment":{"distmod":"windows","distarch":"x86_64","target_arch":"x86_64"}}}}
{"t":{"$date":"2024-10-13T22:09:35.874+05:30"},"s":"I",  "c":"CONTROL",  "id":51765,   "ctx":"initandlisten","msg":"Operating System","attr":{"os":{"name":"Microsoft Windows 10","version":"10.0 (build 22631)"}}}
{"t":{"$date":"2024-10-13T22:09:35.874+05:30"},"s":"I",  "c":"CONTROL",  "id":21951,   "ctx":"initandlisten","msg":"Options set by command line","attr":{"options":{"config":"db\\bookstoredb.conf","net":{"bindIp":"127.0.0.1","port":27017},"security":{"authorization":"enabled"},"setParameter":{"enableLocalhostAuthBypass":"false"},"storage":{"dbPath":"H:\\mouhsen\\F\\VS-Code\\naam-mudhalvan-proj\\bookstore-smartbridge-project\\backend\\db\\data"},"systemLog":{"destination":"file","logRotate":"rename","path":"H:\\mouhsen\\F\\VS-Code\\naam-mudhalvan-proj\\bookstore-smartbridge-project\\backend\\db\\logs\\bookstoredb.log"}}}}
{"t":{"$date":"2024-10-13T22:09:35.877+05:30"},"s":"I",  "c":"STORAGE",  "id":22270,   "ctx":"initandlisten","msg":"Storage engine to use detected by data files","attr":{"dbpath":"H:/mouhsen/F/VS-Code/naam-mudhalvan-proj/bookstore-smartbridge-project/backend/db/data","storageEngine":"wiredTiger"}}
{"t":{"$date":"2024-10-13T22:09:35.877+05:30"},"s":"I",  "c":"STORAGE",  "id":22315,   "ctx":"initandlisten","msg":"Opening WiredTiger","attr":{"config":"create,cache_size=3532M,session_max=33000,eviction=(threads_min=4,threads_max=4),config_base=false,statistics=(fast),log=(enabled=true,remove=true,path=journal,compressor=snappy),builtin_extension_config=(zstd=(compression_level=6)),file_manager=(close_idle_time=600,close_scan_interval=10,close_handle_minimum=2000),statistics_log=(wait=0),json_output=(error,message),verbose=[recovery_progress:1,checkpoint_progress:1,compact_progress:1,backup:0,checkpoint:0,compact:0,evict:0,history_store:0,recovery:0,rts:0,salvage:0,tiered:0,timestamp:0,transaction:0,verify:0,log:0],prefetch=(available=true,default=false),"}}
{"t":{"$date":"2024-10-13T22:09:36.083+05:30"},"s":"I",  "c":"WTRECOV",  "id":22430,   "ctx":"initandlisten","msg":"WiredTiger message","attr":{"message":{"ts_sec":1728837576,"ts_usec":82560,"thread":"3372:140727355385680","session_name":"txn-recover","category":"WT_VERB_RECOVERY_PROGRESS","category_id":34,"verbose_level":"DEBUG_1","verbose_level_id":1,"msg":"Recovering log 3 through 4"}}}
{"t":{"$date":"2024-10-13T22:09:36.176+05:30"},"s":"I",  "c":"WTRECOV",  "id":22430,   "ctx":"initandlisten","msg":"WiredTiger message","attr":{"message":{"ts_sec":1728837576,"ts_usec":175557,"thread":"3372:140727355385680","session_name":"txn-recover","category":"WT_VERB_RECOVERY_PROGRESS","category_id":34,"verbose_level":"DEBUG_1","verbose_level_id":1,"msg":"Recovering log 4 through 4"}}}
{"t":{"$date":"2024-10-13T22:09:36.241+05:30"},"s":"I",  "c":"WTRECOV",  "id":22430,   "ctx":"initandlisten","msg":"WiredTiger message","attr":{"message":{"ts_sec":1728837576,"ts_usec":241607,"thread":"3372:140727355385680","session_name":"txn-recover","category":"WT_VERB_RECOVERY_PROGRESS","category_id":34,"verbose_level":"DEBUG_1","verbose_level_id":1,"msg":"Main recovery loop: starting at 3/50816 to 4/256"}}}
{"t":{"$date":"2024-10-13T22:09:36.367+05:30"},"s":"I",  "c":"WTRECOV",  "id":22430,   "ctx":"initandlisten","msg":"WiredTiger message","attr":{"message":{"ts_sec":1728837576,"ts_usec":366561,"thread":"3372:140727355385680","session_name":"txn-recover","category":"WT_VERB_RECOVERY_PROGRESS","category_id":34,"verbose_level":"DEBUG_1","verbose_level_id":1,"msg":"Recovering log 3 through 4"}}}
{"t":{"$date":"2024-10-13T22:09:36.450+05:30"},"s":"I",  "c":"WTRECOV",  "id":22430,   "ctx":"initandlisten","msg":"WiredTiger message","attr":{"message":{"ts_sec":1728837576,"ts_usec":450262,"thread":"3372:140727355385680","session_name":"txn-recover","category":"WT_VERB_RECOVERY_PROGRESS","category_id":34,"verbose_level":"DEBUG_1","verbose_level_id":1,"msg":"Recovering log 4 through 4"}}}
{"t":{"$date":"2024-10-13T22:09:36.509+05:30"},"s":"I",  "c":"WTRECOV",  "id":22430,   "ctx":"initandlisten","msg":"WiredTiger message","attr":{"message":{"ts_sec":1728837576,"ts_usec":509140,"thread":"3372:140727355385680","session_name":"txn-recover","category":"WT_VERB_RECOVERY_PROGRESS","category_id":34,"verbose_level":"DEBUG_1","verbose_level_id":1,"msg":"recovery log replay has successfully finished and ran for 427 milliseconds"}}}
{"t":{"$date":"2024-10-13T22:09:36.509+05:30"},"s":"I",  "c":"WTRECOV",  "id":22430,   "ctx":"initandlisten","msg":"WiredTiger message","attr":{"message":{"ts_sec":1728837576,"ts_usec":509140,"thread":"3372:140727355385680","session_name":"txn-recover","category":"WT_VERB_RECOVERY_PROGRESS","category_id":34,"verbose_level":"DEBUG_1","verbose_level_id":1,"msg":"Set global recovery timestamp: (0, 0)"}}}
{"t":{"$date":"2024-10-13T22:09:36.509+05:30"},"s":"I",  "c":"WTRECOV",  "id":22430,   "ctx":"initandlisten","msg":"WiredTiger message","attr":{"message":{"ts_sec":1728837576,"ts_usec":509140,"thread":"3372:140727355385680","session_name":"txn-recover","category":"WT_VERB_RECOVERY_PROGRESS","category_id":34,"verbose_level":"DEBUG_1","verbose_level_id":1,"msg":"Set global oldest timestamp: (0, 0)"}}}
{"t":{"$date":"2024-10-13T22:09:36.511+05:30"},"s":"I",  "c":"WTRECOV",  "id":22430,   "ctx":"initandlisten","msg":"WiredTiger message","attr":{"message":{"ts_sec":1728837576,"ts_usec":511141,"thread":"3372:140727355385680","session_name":"txn-recover","category":"WT_VERB_RECOVERY_PROGRESS","category_id":34,"verbose_level":"DEBUG_1","verbose_level_id":1,"msg":"recovery rollback to stable has successfully finished and ran for 2 milliseconds"}}}
{"t":{"$date":"2024-10-13T22:09:36.522+05:30"},"s":"I",  "c":"WTCHKPT",  "id":22430,   "ctx":"initandlisten","msg":"WiredTiger message","attr":{"message":{"ts_sec":1728837576,"ts_usec":522387,"thread":"3372:140727355385680","session_name":"WT_SESSION.checkpoint","category":"WT_VERB_CHECKPOINT_PROGRESS","category_id":7,"verbose_level":"DEBUG_1","verbose_level_id":1,"msg":"saving checkpoint snapshot min: 1, snapshot max: 1 snapshot count: 0, oldest timestamp: (0, 0) , meta checkpoint timestamp: (0, 0) base write gen: 106"}}}
{"t":{"$date":"2024-10-13T22:09:36.623+05:30"},"s":"I",  "c":"WTRECOV",  "id":22430,   "ctx":"initandlisten","msg":"WiredTiger message","attr":{"message":{"ts_sec":1728837576,"ts_usec":623144,"thread":"3372:140727355385680","session_name":"txn-recover","category":"WT_VERB_RECOVERY_PROGRESS","category_id":34,"verbose_level":"DEBUG_1","verbose_level_id":1,"msg":"recovery checkpoint has successfully finished and ran for 112 milliseconds"}}}
{"t":{"$date":"2024-10-13T22:09:36.623+05:30"},"s":"I",  "c":"WTRECOV",  "id":22430,   "ctx":"initandlisten","msg":"WiredTiger message","attr":{"message":{"ts_sec":1728837576,"ts_usec":623144,"thread":"3372:140727355385680","session_name":"txn-recover","category":"WT_VERB_RECOVERY_PROGRESS","category_id":34,"verbose_level":"DEBUG_1","verbose_level_id":1,"msg":"recovery was completed successfully and took 541ms, including 427ms for the log replay, 2ms for the rollback to stable, and 112ms for the checkpoint."}}}
{"t":{"$date":"2024-10-13T22:09:36.642+05:30"},"s":"I",  "c":"STORAGE",  "id":4795906, "ctx":"initandlisten","msg":"WiredTiger opened","attr":{"durationMillis":765}}
{"t":{"$date":"2024-10-13T22:09:36.642+05:30"},"s":"I",  "c":"RECOVERY", "id":23987,   "ctx":"initandlisten","msg":"WiredTiger recoveryTimestamp","attr":{"recoveryTimestamp":{"$timestamp":{"t":0,"i":0}}}}
{"t":{"$date":"2024-10-13T22:09:36.806+05:30"},"s":"I",  "c":"NETWORK",  "id":4915702, "ctx":"initandlisten","msg":"Updated wire specification","attr":{"oldSpec":{"incomingExternalClient":{"minWireVersion":0,"maxWireVersion":25},"incomingInternalClient":{"minWireVersion":0,"maxWireVersion":25},"outgoing":{"minWireVersion":6,"maxWireVersion":25},"isInternalClient":true},"newSpec":{"incomingExternalClient":{"minWireVersion":0,"maxWireVersion":25},"incomingInternalClient":{"minWireVersion":25,"maxWireVersion":25},"outgoing":{"minWireVersion":25,"maxWireVersion":25},"isInternalClient":true}}}
{"t":{"$date":"2024-10-13T22:09:36.806+05:30"},"s":"I",  "c":"REPL",     "id":5853300, "ctx":"initandlisten","msg":"current featureCompatibilityVersion value","attr":{"featureCompatibilityVersion":"8.0","context":"startup"}}
{"t":{"$date":"2024-10-13T22:09:36.807+05:30"},"s":"I",  "c":"STORAGE",  "id":5071100, "ctx":"initandlisten","msg":"Clearing temp directory"}
{"t":{"$date":"2024-10-13T22:09:36.812+05:30"},"s":"I",  "c":"CONTROL",  "id":6608200, "ctx":"initandlisten","msg":"Initializing cluster server parameters from disk"}
{"t":{"$date":"2024-10-13T22:09:36.812+05:30"},"s":"I",  "c":"CONTROL",  "id":20536,   "ctx":"initandlisten","msg":"Flow Control is enabled on this deployment"}
{"t":{"$date":"2024-10-13T22:09:37.210+05:30"},"s":"I",  "c":"FTDC",     "id":20625,   "ctx":"initandlisten","msg":"Initializing full-time diagnostic data capture","attr":{"dataDirectory":"H:/mouhsen/F/VS-Code/naam-mudhalvan-proj/bookstore-smartbridge-project/backend/db/data/diagnostic.data"}}
{"t":{"$date":"2024-10-13T22:09:37.213+05:30"},"s":"I",  "c":"REPL",     "id":6015317, "ctx":"initandlisten","msg":"Setting new configuration state","attr":{"newState":"ConfigReplicationDisabled","oldState":"ConfigPreStart"}}
{"t":{"$date":"2024-10-13T22:09:37.213+05:30"},"s":"I",  "c":"STORAGE",  "id":22262,   "ctx":"initandlisten","msg":"Timestamp monitor starting"}
{"t":{"$date":"2024-10-13T22:09:37.214+05:30"},"s":"I",  "c":"STORAGE",  "id":7333401, "ctx":"initandlisten","msg":"Starting the DiskSpaceMonitor"}
{"t":{"$date":"2024-10-13T22:09:37.216+05:30"},"s":"I",  "c":"NETWORK",  "id":23015,   "ctx":"listener","msg":"Listening on","attr":{"address":"127.0.0.1:27017"}}
{"t":{"$date":"2024-10-13T22:09:37.216+05:30"},"s":"I",  "c":"NETWORK",  "id":23016,   "ctx":"listener","msg":"Waiting for connections","attr":{"port":27017,"ssl":"off"}}
{"t":{"$date":"2024-10-13T22:09:37.216+05:30"},"s":"I",  "c":"CONTROL",  "id":8423403, "ctx":"initandlisten","msg":"mongod startup complete","attr":{"Summary of time elapsed":{"Startup from clean shutdown?":true,"Statistics":{"Set up periodic runner":"0 ms","Set up online certificate status protocol manager":"0 ms","Transport layer setup":"0 ms","Run initial syncer crash recovery":"0 ms","Create storage engine lock file in the data directory":"0 ms","Get metadata describing storage engine":"0 ms","Validate options in metadata against current startup options":"0 ms","Create storage engine":"864 ms","Write current PID to file":"61 ms","Initialize FCV before rebuilding indexes":"3 ms","Drop abandoned idents and get back indexes that need to be rebuilt or builds that need to be restarted":"0 ms","Rebuild indexes for collections":"0 ms","Load cluster parameters from disk for a standalone":"0 ms","Build user and roles graph":"0 ms","Verify indexes for admin.system.users collection":"0 ms","Set up the background thread pool responsible for waiting for opTimes to be majority committed":"0 ms","Start up the replication coordinator":"1 ms","Ensure the change stream collections on startup contain consistent data":"0 ms","Write startup options to the audit log":"0 ms","Start transport layer":"0 ms","_initAndListen total elapsed time":"1342 ms"}}}}
{"t":{"$date":"2024-10-13T22:09:38.006+05:30"},"s":"W",  "c":"CONTROL",  "id":636300,  "ctx":"ftdc","msg":"Use of deprecated server parameter name","attr":{"deprecatedName":"internalQueryCacheSize","canonicalName":"internalQueryCacheMaxEntriesPerCollection"}}
{"t":{"$date":"2024-10-13T22:09:38.006+05:30"},"s":"W",  "c":"CONTROL",  "id":636300,  "ctx":"ftdc","msg":"Use of deprecated server parameter name","attr":{"deprecatedName":"oplogSamplingLogIntervalSeconds","canonicalName":"collectionSamplingLogIntervalSeconds"}}
{"t":{"$date":"2024-10-13T22:09:38.006+05:30"},"s":"W",  "c":"NETWORK",  "id":23803,   "ctx":"ftdc","msg":"Use of deprecated server parameter 'sslMode', please use 'tlsMode' instead."}
{"t":{"$date":"2024-10-13T22:09:38.006+05:30"},"s":"W",  "c":"CONTROL",  "id":636300,  "ctx":"ftdc","msg":"Use of deprecated server parameter name","attr":{"deprecatedName":"wiredTigerConcurrentReadTransactions","canonicalName":"storageEngineConcurrentReadTransactions"}}
{"t":{"$date":"2024-10-13T22:09:38.006+05:30"},"s":"W",  "c":"CONTROL",  "id":636300,  "ctx":"ftdc","msg":"Use of deprecated server parameter name","attr":{"deprecatedName":"wiredTigerConcurrentWriteTransactions","canonicalName":"storageEngineConcurrentWriteTransactions"}}
{"t":{"$date":"2024-10-13T22:09:48.567+05:30"},"s":"I",  "c":"NETWORK",  "id":22943,   "ctx":"listener","msg":"Connection accepted","attr":{"remote":"127.0.0.1:58844","uuid":{"uuid":{"$uuid":"f6aae903-80e6-41de-8008-fd8b03dd1bb1"}},"connectionId":1,"connectionCount":1}}
{"t":{"$date":"2024-10-13T22:09:48.572+05:30"},"s":"I",  "c":"NETWORK",  "id":51800,   "ctx":"conn1","msg":"client metadata","attr":{"remote":"127.0.0.1:58844","client":"conn1","negotiatedCompressors":[],"doc":{"application":{"name":"MongoDB Compass"},"driver":{"name":"nodejs","version":"6.8.0"},"platform":"Node.js v20.16.0, LE","os":{"name":"win32","architecture":"x64","version":"10.0.22631","type":"Windows_NT"}}}}
{"t":{"$date":"2024-10-13T22:09:48.581+05:30"},"s":"I",  "c":"NETWORK",  "id":22943,   "ctx":"listener","msg":"Connection accepted","attr":{"remote":"127.0.0.1:58845","uuid":{"uuid":{"$uuid":"7d249b0b-e761-448c-8adf-0e7051dc67d1"}},"connectionId":2,"connectionCount":2}}
{"t":{"$date":"2024-10-13T22:09:48.583+05:30"},"s":"I",  "c":"NETWORK",  "id":51800,   "ctx":"conn2","msg":"client metadata","attr":{"remote":"127.0.0.1:58845","client":"conn2","negotiatedCompressors":[],"doc":{"application":{"name":"MongoDB Compass"},"driver":{"name":"nodejs","version":"6.8.0"},"platform":"Node.js v20.16.0, LE","os":{"name":"win32","architecture":"x64","version":"10.0.22631","type":"Windows_NT"}}}}
{"t":{"$date":"2024-10-13T22:09:48.586+05:30"},"s":"I",  "c":"ACCESS",   "id":6788604, "ctx":"conn2","msg":"Auth metrics report","attr":{"metric":"acquireUser","micros":0}}
{"t":{"$date":"2024-10-13T22:09:48.599+05:30"},"s":"I",  "c":"ACCESS",   "id":5286306, "ctx":"conn2","msg":"Successfully authenticated","attr":{"client":"127.0.0.1:58845","isSpeculative":true,"isClusterMember":false,"mechanism":"SCRAM-SHA-256","user":"bookstore-admin","db":"bookstore","result":0,"metrics":{"conversation_duration":{"micros":13750,"summary":{"0":{"step":1,"step_total":2,"duration_micros":252},"1":{"step":2,"step_total":2,"duration_micros":61}}}},"extraInfo":{}}}
{"t":{"$date":"2024-10-13T22:09:48.601+05:30"},"s":"I",  "c":"NETWORK",  "id":6788700, "ctx":"conn2","msg":"Received first command on ingress connection since session start or auth handshake","attr":{"elapsedMillis":1}}
{"t":{"$date":"2024-10-13T22:09:48.692+05:30"},"s":"I",  "c":"ACCESS",   "id":20436,   "ctx":"conn2","msg":"Checking authorization failed","attr":{"error":{"code":13,"codeName":"Unauthorized","errmsg":"not authorized on admin to execute command { aggregate: 1, pipeline: [ { $currentOp: { allUsers: true, idleConnections: false, truncateOps: false } } ], cursor: {}, lsid: { id: UUID(\"25e735c6-22e1-483f-beb3-6d058e2085d7\") }, $db: \"admin\" }"}}}
{"t":{"$date":"2024-10-13T22:09:48.709+05:30"},"s":"I",  "c":"ACCESS",   "id":20436,   "ctx":"conn2","msg":"Checking authorization failed","attr":{"error":{"code":13,"codeName":"Unauthorized","errmsg":"not authorized on admin to execute command { hostInfo: 1, lsid: { id: UUID(\"25e735c6-22e1-483f-beb3-6d058e2085d7\") }, $db: \"admin\" }"}}}
{"t":{"$date":"2024-10-13T22:09:48.709+05:30"},"s":"I",  "c":"NETWORK",  "id":22943,   "ctx":"listener","msg":"Connection accepted","attr":{"remote":"127.0.0.1:58846","uuid":{"uuid":{"$uuid":"f95cfea8-87ce-4811-acfe-70f4d5db97fe"}},"connectionId":3,"connectionCount":3}}
{"t":{"$date":"2024-10-13T22:09:48.710+05:30"},"s":"I",  "c":"NETWORK",  "id":22943,   "ctx":"listener","msg":"Connection accepted","attr":{"remote":"127.0.0.1:58847","uuid":{"uuid":{"$uuid":"68f0661a-20be-4396-aa91-c4234d09a85a"}},"connectionId":4,"connectionCount":4}}
{"t":{"$date":"2024-10-13T22:09:48.718+05:30"},"s":"I",  "c":"ACCESS",   "id":20436,   "ctx":"conn2","msg":"Checking authorization failed","attr":{"error":{"code":13,"codeName":"Unauthorized","errmsg":"not authorized on admin to execute command { getParameter: 1, featureCompatibilityVersion: 1, lsid: { id: UUID(\"25e735c6-22e1-483f-beb3-6d058e2085d7\") }, $db: \"admin\" }"}}}
{"t":{"$date":"2024-10-13T22:09:48.719+05:30"},"s":"I",  "c":"NETWORK",  "id":51800,   "ctx":"conn3","msg":"client metadata","attr":{"remote":"127.0.0.1:58846","client":"conn3","negotiatedCompressors":[],"doc":{"application":{"name":"MongoDB Compass"},"driver":{"name":"nodejs","version":"6.8.0"},"platform":"Node.js v20.16.0, LE","os":{"name":"win32","architecture":"x64","version":"10.0.22631","type":"Windows_NT"}}}}
{"t":{"$date":"2024-10-13T22:09:48.719+05:30"},"s":"I",  "c":"ACCESS",   "id":6788604, "ctx":"conn3","msg":"Auth metrics report","attr":{"metric":"acquireUser","micros":0}}
{"t":{"$date":"2024-10-13T22:09:48.720+05:30"},"s":"I",  "c":"NETWORK",  "id":51800,   "ctx":"conn4","msg":"client metadata","attr":{"remote":"127.0.0.1:58847","client":"conn4","negotiatedCompressors":[],"doc":{"application":{"name":"MongoDB Compass"},"driver":{"name":"nodejs","version":"6.8.0"},"platform":"Node.js v20.16.0, LE","os":{"name":"win32","architecture":"x64","version":"10.0.22631","type":"Windows_NT"}}}}
{"t":{"$date":"2024-10-13T22:09:48.720+05:30"},"s":"I",  "c":"ACCESS",   "id":6788604, "ctx":"conn4","msg":"Auth metrics report","attr":{"metric":"acquireUser","micros":0}}
{"t":{"$date":"2024-10-13T22:09:48.725+05:30"},"s":"I",  "c":"ACCESS",   "id":5286306, "ctx":"conn3","msg":"Successfully authenticated","attr":{"client":"127.0.0.1:58846","isSpeculative":true,"isClusterMember":false,"mechanism":"SCRAM-SHA-256","user":"bookstore-admin","db":"bookstore","result":0,"metrics":{"conversation_duration":{"micros":5639,"summary":{"0":{"step":1,"step_total":2,"duration_micros":533},"1":{"step":2,"step_total":2,"duration_micros":22}}}},"extraInfo":{}}}
{"t":{"$date":"2024-10-13T22:09:48.725+05:30"},"s":"I",  "c":"ACCESS",   "id":5286306, "ctx":"conn4","msg":"Successfully authenticated","attr":{"client":"127.0.0.1:58847","isSpeculative":true,"isClusterMember":false,"mechanism":"SCRAM-SHA-256","user":"bookstore-admin","db":"bookstore","result":0,"metrics":{"conversation_duration":{"micros":5421,"summary":{"0":{"step":1,"step_total":2,"duration_micros":188},"1":{"step":2,"step_total":2,"duration_micros":17}}}},"extraInfo":{}}}
{"t":{"$date":"2024-10-13T22:09:48.726+05:30"},"s":"I",  "c":"ACCESS",   "id":20436,   "ctx":"conn3","msg":"Checking authorization failed","attr":{"error":{"code":13,"codeName":"Unauthorized","errmsg":"not authorized on admin to execute command { top: 1, lsid: { id: UUID(\"34e9ab06-4e5f-4737-bbc4-3b589101f96a\") }, $db: \"admin\" }"}}}
{"t":{"$date":"2024-10-13T22:09:48.728+05:30"},"s":"I",  "c":"NETWORK",  "id":22943,   "ctx":"listener","msg":"Connection accepted","attr":{"remote":"127.0.0.1:58848","uuid":{"uuid":{"$uuid":"af41f587-a30d-426d-8ccc-96ef667d6dae"}},"connectionId":5,"connectionCount":5}}
{"t":{"$date":"2024-10-13T22:09:48.729+05:30"},"s":"I",  "c":"NETWORK",  "id":6788700, "ctx":"conn4","msg":"Received first command on ingress connection since session start or auth handshake","attr":{"elapsedMillis":3}}
{"t":{"$date":"2024-10-13T22:09:48.730+05:30"},"s":"I",  "c":"NETWORK",  "id":51800,   "ctx":"conn5","msg":"client metadata","attr":{"remote":"127.0.0.1:58848","client":"conn5","negotiatedCompressors":[],"doc":{"application":{"name":"MongoDB Compass"},"driver":{"name":"nodejs","version":"6.8.0"},"platform":"Node.js v20.16.0, LE","os":{"name":"win32","architecture":"x64","version":"10.0.22631","type":"Windows_NT"}}}}
{"t":{"$date":"2024-10-13T22:09:48.730+05:30"},"s":"I",  "c":"ACCESS",   "id":6788604, "ctx":"conn5","msg":"Auth metrics report","attr":{"metric":"acquireUser","micros":0}}
{"t":{"$date":"2024-10-13T22:09:48.731+05:30"},"s":"I",  "c":"ACCESS",   "id":5286306, "ctx":"conn5","msg":"Successfully authenticated","attr":{"client":"127.0.0.1:58848","isSpeculative":true,"isClusterMember":false,"mechanism":"SCRAM-SHA-256","user":"bookstore-admin","db":"bookstore","result":0,"metrics":{"conversation_duration":{"micros":1046,"summary":{"0":{"step":1,"step_total":2,"duration_micros":96},"1":{"step":2,"step_total":2,"duration_micros":19}}}},"extraInfo":{}}}
{"t":{"$date":"2024-10-13T22:09:48.732+05:30"},"s":"I",  "c":"ACCESS",   "id":20436,   "ctx":"conn5","msg":"Checking authorization failed","attr":{"error":{"code":13,"codeName":"Unauthorized","errmsg":"not authorized on admin to execute command { aggregate: \"atlascli\", pipeline: [ { $match: { managedClusterType: \"atlasCliLocalDevCluster\" } }, { $group: { _id: 1, n: { $sum: 1 } } } ], cursor: {}, lsid: { id: UUID(\"34e9ab06-4e5f-4737-bbc4-3b589101f96a\") }, $db: \"admin\" }"}}}
{"t":{"$date":"2024-10-13T22:09:48.738+05:30"},"s":"I",  "c":"NETWORK",  "id":6788700, "ctx":"conn5","msg":"Received first command on ingress connection since session start or auth handshake","attr":{"elapsedMillis":6}}
{"t":{"$date":"2024-10-13T22:09:49.797+05:30"},"s":"I",  "c":"NETWORK",  "id":6788700, "ctx":"conn3","msg":"Received first command on ingress connection since session start or auth handshake","attr":{"elapsedMillis":1071}}
{"t":{"$date":"2024-10-13T22:09:49.806+05:30"},"s":"I",  "c":"NETWORK",  "id":22943,   "ctx":"listener","msg":"Connection accepted","attr":{"remote":"127.0.0.1:58849","uuid":{"uuid":{"$uuid":"573a92e6-6e3d-4638-b907-b27efc2d3b04"}},"connectionId":6,"connectionCount":6}}
{"t":{"$date":"2024-10-13T22:09:49.837+05:30"},"s":"I",  "c":"NETWORK",  "id":51800,   "ctx":"conn6","msg":"client metadata","attr":{"remote":"127.0.0.1:58849","client":"conn6","negotiatedCompressors":[],"doc":{"application":{"name":"MongoDB Compass"},"driver":{"name":"nodejs","version":"6.8.0"},"platform":"Node.js v20.16.0, LE","os":{"name":"win32","architecture":"x64","version":"10.0.22631","type":"Windows_NT"}}}}
{"t":{"$date":"2024-10-13T22:09:49.837+05:30"},"s":"I",  "c":"ACCESS",   "id":6788604, "ctx":"conn6","msg":"Auth metrics report","attr":{"metric":"acquireUser","micros":0}}
{"t":{"$date":"2024-10-13T22:09:49.838+05:30"},"s":"I",  "c":"ACCESS",   "id":5286306, "ctx":"conn6","msg":"Successfully authenticated","attr":{"client":"127.0.0.1:58849","isSpeculative":true,"isClusterMember":false,"mechanism":"SCRAM-SHA-256","user":"bookstore-admin","db":"bookstore","result":0,"metrics":{"conversation_duration":{"micros":1271,"summary":{"0":{"step":1,"step_total":2,"duration_micros":187},"1":{"step":2,"step_total":2,"duration_micros":67}}}},"extraInfo":{}}}
{"t":{"$date":"2024-10-13T22:09:49.839+05:30"},"s":"I",  "c":"NETWORK",  "id":6788700, "ctx":"conn6","msg":"Received first command on ingress connection since session start or auth handshake","attr":{"elapsedMillis":1}}
{"t":{"$date":"2024-10-13T22:09:49.909+05:30"},"s":"I",  "c":"COMMAND",  "id":51803,   "ctx":"conn2","msg":"Slow query","attr":{"type":"command","isFromUserConnection":true,"ns":"bookstore.users","collectionType":"normal","appName":"MongoDB Compass","queryShapeHash":"75EE2E47F2B2481308146A82BB1F80D57A568056FC68CF3A4F1E3FADBC664A05","command":{"aggregate":"users","pipeline":[{"$collStats":{"storageStats":{}}},{"$group":{"_id":null,"capped":{"$first":"$storageStats.capped"},"count":{"$sum":"$storageStats.count"},"size":{"$sum":{"$toDouble":"$storageStats.size"}},"storageSize":{"$sum":{"$toDouble":"$storageStats.storageSize"}},"totalIndexSize":{"$sum":{"$toDouble":"$storageStats.totalIndexSize"}},"freeStorageSize":{"$sum":{"$toDouble":"$storageStats.freeStorageSize"}},"unscaledCollSize":{"$sum":{"$multiply":[{"$toDouble":"$storageStats.avgObjSize"},{"$toDouble":"$storageStats.count"}]}},"nindexes":{"$max":"$storageStats.nindexes"}}},{"$addFields":{"avgObjSize":{"$cond":{"if":{"$ne":["$count",0]},"then":{"$divide":["$unscaledCollSize",{"$toDouble":"$count"}]},"else":0}}}}],"cursor":{},"lsid":{"id":{"$uuid":"838cae02-f16d-4cdf-9e5e-dd4351ee75bf"}},"$db":"bookstore"},"keysExamined":0,"docsExamined":0,"cursorExhausted":true,"numYields":0,"nreturned":1,"queryFramework":"classic","reslen":273,"locks":{"Global":{"acquireCount":{"r":2}}},"storage":{"timeWaitingMicros":{"schemaLock":75999}},"remote":"127.0.0.1:58845","protocol":"op_msg","queues":{"ingress":{"admissions":1},"execution":{"admissions":3}},"workingMillis":111,"durationMillis":111}}
{"t":{"$date":"2024-10-13T22:09:49.919+05:30"},"s":"I",  "c":"COMMAND",  "id":51803,   "ctx":"conn5","msg":"Slow query","attr":{"type":"command","isFromUserConnection":true,"ns":"bookstore.books","collectionType":"normal","appName":"MongoDB Compass","queryShapeHash":"03A64D797B8F33D512A9AAE5D73A3FF2159046F599DEACA330492961AE2138FE","command":{"aggregate":"books","pipeline":[{"$collStats":{"storageStats":{}}},{"$group":{"_id":null,"capped":{"$first":"$storageStats.capped"},"count":{"$sum":"$storageStats.count"},"size":{"$sum":{"$toDouble":"$storageStats.size"}},"storageSize":{"$sum":{"$toDouble":"$storageStats.storageSize"}},"totalIndexSize":{"$sum":{"$toDouble":"$storageStats.totalIndexSize"}},"freeStorageSize":{"$sum":{"$toDouble":"$storageStats.freeStorageSize"}},"unscaledCollSize":{"$sum":{"$multiply":[{"$toDouble":"$storageStats.avgObjSize"},{"$toDouble":"$storageStats.count"}]}},"nindexes":{"$max":"$storageStats.nindexes"}}},{"$addFields":{"avgObjSize":{"$cond":{"if":{"$ne":["$count",0]},"then":{"$divide":["$unscaledCollSize",{"$toDouble":"$count"}]},"else":0}}}}],"cursor":{},"lsid":{"id":{"$uuid":"34e9ab06-4e5f-4737-bbc4-3b589101f96a"}},"$db":"bookstore"},"keysExamined":0,"docsExamined":0,"cursorExhausted":true,"numYields":0,"nreturned":1,"queryFramework":"classic","reslen":273,"locks":{"Global":{"acquireCount":{"r":2}}},"storage":{"timeWaitingMicros":{"schemaLock":82004}},"remote":"127.0.0.1:58848","protocol":"op_msg","queues":{"ingress":{"admissions":1},"execution":{"admissions":3}},"workingMillis":122,"durationMillis":122}}
{"t":{"$date":"2024-10-13T22:09:55.800+05:30"},"s":"I",  "c":"NETWORK",  "id":22944,   "ctx":"conn6","msg":"Connection ended","attr":{"remote":"127.0.0.1:58849","uuid":{"uuid":{"$uuid":"573a92e6-6e3d-4638-b907-b27efc2d3b04"}},"connectionId":6,"connectionCount":5}}
{"t":{"$date":"2024-10-13T22:09:55.800+05:30"},"s":"I",  "c":"NETWORK",  "id":22944,   "ctx":"conn5","msg":"Connection ended","attr":{"remote":"127.0.0.1:58848","uuid":{"uuid":{"$uuid":"af41f587-a30d-426d-8ccc-96ef667d6dae"}},"connectionId":5,"connectionCount":4}}
{"t":{"$date":"2024-10-13T22:09:55.800+05:30"},"s":"I",  "c":"NETWORK",  "id":22944,   "ctx":"conn2","msg":"Connection ended","attr":{"remote":"127.0.0.1:58845","uuid":{"uuid":{"$uuid":"7d249b0b-e761-448c-8adf-0e7051dc67d1"}},"connectionId":2,"connectionCount":3}}
{"t":{"$date":"2024-10-13T22:09:55.800+05:30"},"s":"I",  "c":"NETWORK",  "id":22944,   "ctx":"conn3","msg":"Connection ended","attr":{"remote":"127.0.0.1:58846","uuid":{"uuid":{"$uuid":"f95cfea8-87ce-4811-acfe-70f4d5db97fe"}},"connectionId":3,"connectionCount":2}}
{"t":{"$date":"2024-10-13T22:09:55.800+05:30"},"s":"I",  "c":"NETWORK",  "id":22944,   "ctx":"conn4","msg":"Connection ended","attr":{"remote":"127.0.0.1:58847","uuid":{"uuid":{"$uuid":"68f0661a-20be-4396-aa91-c4234d09a85a"}},"connectionId":4,"connectionCount":1}}
{"t":{"$date":"2024-10-13T22:09:56.097+05:30"},"s":"W",  "c":"NETWORK",  "id":4615610, "ctx":"conn1","msg":"Failed to check socket connectivity","attr":{"error":{"code":6,"codeName":"HostUnreachable","errmsg":"peekASIOStream :: caused by :: Connection closed by peer"}}}
{"t":{"$date":"2024-10-13T22:09:56.097+05:30"},"s":"I",  "c":"-",        "id":20883,   "ctx":"conn1","msg":"Interrupted operation as its client disconnected","attr":{"opId":13313}}
{"t":{"$date":"2024-10-13T22:09:56.098+05:30"},"s":"I",  "c":"NETWORK",  "id":22944,   "ctx":"conn1","msg":"Connection ended","attr":{"remote":"127.0.0.1:58844","uuid":{"uuid":{"$uuid":"f6aae903-80e6-41de-8008-fd8b03dd1bb1"}},"connectionId":1,"connectionCount":0}}
{"t":{"$date":"2024-10-13T22:10:01.296+05:30"},"s":"I",  "c":"CONTROL",  "id":23372,   "ctx":"thread32","msg":"Ctrl-C signal"}
{"t":{"$date":"2024-10-13T22:10:01.296+05:30"},"s":"I",  "c":"CONTROL",  "id":23371,   "ctx":"consoleTerminate","msg":"Received event, will terminate after current command ends","attr":{"controlCode":"CTRL_C_EVENT"}}
{"t":{"$date":"2024-10-13T22:10:01.296+05:30"},"s":"I",  "c":"REPL",     "id":4784900, "ctx":"consoleTerminate","msg":"Stepping down the ReplicationCoordinator for shutdown","attr":{"waitTimeMillis":15000}}
{"t":{"$date":"2024-10-13T22:10:01.296+05:30"},"s":"I",  "c":"REPL",     "id":4794602, "ctx":"consoleTerminate","msg":"Attempting to enter quiesce mode"}
{"t":{"$date":"2024-10-13T22:10:01.296+05:30"},"s":"I",  "c":"STORAGE",  "id":7333402, "ctx":"consoleTerminate","msg":"Shutting down the DiskSpaceMonitor"}
{"t":{"$date":"2024-10-13T22:10:01.297+05:30"},"s":"I",  "c":"-",        "id":6371601, "ctx":"consoleTerminate","msg":"Shutting down the FLE Crud thread pool"}
{"t":{"$date":"2024-10-13T22:10:01.297+05:30"},"s":"I",  "c":"COMMAND",  "id":4784901, "ctx":"consoleTerminate","msg":"Shutting down the MirrorMaestro"}
{"t":{"$date":"2024-10-13T22:10:01.297+05:30"},"s":"I",  "c":"SHARDING", "id":4784902, "ctx":"consoleTerminate","msg":"Shutting down the WaitForMajorityService"}
{"t":{"$date":"2024-10-13T22:10:01.299+05:30"},"s":"I",  "c":"CONTROL",  "id":4784903, "ctx":"consoleTerminate","msg":"Shutting down the LogicalSessionCache"}
{"t":{"$date":"2024-10-13T22:10:01.299+05:30"},"s":"I",  "c":"NETWORK",  "id":8314100, "ctx":"consoleTerminate","msg":"Shutdown: Closing listener sockets"}
{"t":{"$date":"2024-10-13T22:10:01.300+05:30"},"s":"I",  "c":"NETWORK",  "id":4784905, "ctx":"consoleTerminate","msg":"Shutting down the global connection pool"}
{"t":{"$date":"2024-10-13T22:10:01.300+05:30"},"s":"I",  "c":"CONTROL",  "id":4784906, "ctx":"consoleTerminate","msg":"Shutting down the FlowControlTicketholder"}
{"t":{"$date":"2024-10-13T22:10:01.300+05:30"},"s":"I",  "c":"-",        "id":20520,   "ctx":"consoleTerminate","msg":"Stopping further Flow Control ticket acquisitions."}
{"t":{"$date":"2024-10-13T22:10:01.300+05:30"},"s":"I",  "c":"CONTROL",  "id":4784908, "ctx":"consoleTerminate","msg":"Shutting down the PeriodicThreadToAbortExpiredTransactions"}
{"t":{"$date":"2024-10-13T22:10:01.300+05:30"},"s":"I",  "c":"REPL",     "id":4784909, "ctx":"consoleTerminate","msg":"Shutting down the ReplicationCoordinator"}
{"t":{"$date":"2024-10-13T22:10:01.300+05:30"},"s":"I",  "c":"SHARDING", "id":4784910, "ctx":"consoleTerminate","msg":"Shutting down the ShardingInitializationMongoD"}
{"t":{"$date":"2024-10-13T22:10:01.300+05:30"},"s":"I",  "c":"REPL",     "id":4784911, "ctx":"consoleTerminate","msg":"Enqueuing the ReplicationStateTransitionLock for shutdown"}
{"t":{"$date":"2024-10-13T22:10:01.300+05:30"},"s":"I",  "c":"-",        "id":4784912, "ctx":"consoleTerminate","msg":"Killing all operations for shutdown"}
{"t":{"$date":"2024-10-13T22:10:01.300+05:30"},"s":"I",  "c":"-",        "id":4695300, "ctx":"consoleTerminate","msg":"Interrupted all currently running operations","attr":{"opsKilled":3}}
{"t":{"$date":"2024-10-13T22:10:01.300+05:30"},"s":"I",  "c":"TENANT_M", "id":5093807, "ctx":"consoleTerminate","msg":"Shutting down all TenantMigrationAccessBlockers on global shutdown"}
{"t":{"$date":"2024-10-13T22:10:01.300+05:30"},"s":"I",  "c":"ASIO",     "id":22582,   "ctx":"TenantMigrationBlockerNet","msg":"Killing all outstanding egress activity."}
{"t":{"$date":"2024-10-13T22:10:01.300+05:30"},"s":"I",  "c":"ASIO",     "id":6529201, "ctx":"consoleTerminate","msg":"Network interface redundant shutdown","attr":{"state":"Stopped"}}
{"t":{"$date":"2024-10-13T22:10:01.300+05:30"},"s":"I",  "c":"ASIO",     "id":22582,   "ctx":"consoleTerminate","msg":"Killing all outstanding egress activity."}
{"t":{"$date":"2024-10-13T22:10:01.300+05:30"},"s":"I",  "c":"COMMAND",  "id":4784913, "ctx":"consoleTerminate","msg":"Shutting down all open transactions"}
{"t":{"$date":"2024-10-13T22:10:01.300+05:30"},"s":"I",  "c":"REPL",     "id":4784914, "ctx":"consoleTerminate","msg":"Acquiring the ReplicationStateTransitionLock for shutdown"}
{"t":{"$date":"2024-10-13T22:10:01.300+05:30"},"s":"I",  "c":"INDEX",    "id":4784915, "ctx":"consoleTerminate","msg":"Shutting down the IndexBuildsCoordinator"}
{"t":{"$date":"2024-10-13T22:10:01.300+05:30"},"s":"I",  "c":"NETWORK",  "id":4784918, "ctx":"consoleTerminate","msg":"Shutting down the ReplicaSetMonitor"}
{"t":{"$date":"2024-10-13T22:10:01.300+05:30"},"s":"I",  "c":"SHARDING", "id":4784921, "ctx":"consoleTerminate","msg":"Shutting down the MigrationUtilExecutor"}
{"t":{"$date":"2024-10-13T22:10:01.301+05:30"},"s":"I",  "c":"ASIO",     "id":22582,   "ctx":"MigrationUtil-TaskExecutor","msg":"Killing all outstanding egress activity."}
{"t":{"$date":"2024-10-13T22:10:01.301+05:30"},"s":"I",  "c":"NETWORK",  "id":20562,   "ctx":"consoleTerminate","msg":"Shutdown: Closing open transport sessions"}
{"t":{"$date":"2024-10-13T22:10:01.301+05:30"},"s":"I",  "c":"NETWORK",  "id":4784923, "ctx":"consoleTerminate","msg":"Shutting down the ASIO transport SessionManager"}
{"t":{"$date":"2024-10-13T22:10:01.301+05:30"},"s":"I",  "c":"CONTROL",  "id":4784927, "ctx":"consoleTerminate","msg":"Shutting down the HealthLog"}
{"t":{"$date":"2024-10-13T22:10:01.301+05:30"},"s":"I",  "c":"CONTROL",  "id":4784928, "ctx":"consoleTerminate","msg":"Shutting down the TTL monitor"}
{"t":{"$date":"2024-10-13T22:10:01.301+05:30"},"s":"I",  "c":"INDEX",    "id":3684100, "ctx":"consoleTerminate","msg":"Shutting down TTL collection monitor thread"}
{"t":{"$date":"2024-10-13T22:10:01.301+05:30"},"s":"I",  "c":"INDEX",    "id":3684101, "ctx":"consoleTerminate","msg":"Finished shutting down TTL collection monitor thread"}
{"t":{"$date":"2024-10-13T22:10:01.301+05:30"},"s":"I",  "c":"CONTROL",  "id":6278511, "ctx":"consoleTerminate","msg":"Shutting down the Change Stream Expired Pre-images Remover"}
{"t":{"$date":"2024-10-13T22:10:01.301+05:30"},"s":"I",  "c":"CONTROL",  "id":4784929, "ctx":"consoleTerminate","msg":"Acquiring the global lock for shutdown"}
{"t":{"$date":"2024-10-13T22:10:01.301+05:30"},"s":"I",  "c":"CONTROL",  "id":4784930, "ctx":"consoleTerminate","msg":"Shutting down the storage engine"}
{"t":{"$date":"2024-10-13T22:10:01.301+05:30"},"s":"I",  "c":"STORAGE",  "id":22320,   "ctx":"consoleTerminate","msg":"Shutting down journal flusher thread"}
{"t":{"$date":"2024-10-13T22:10:01.302+05:30"},"s":"I",  "c":"STORAGE",  "id":22321,   "ctx":"consoleTerminate","msg":"Finished shutting down journal flusher thread"}
{"t":{"$date":"2024-10-13T22:10:01.302+05:30"},"s":"I",  "c":"STORAGE",  "id":22322,   "ctx":"consoleTerminate","msg":"Shutting down checkpoint thread"}
{"t":{"$date":"2024-10-13T22:10:01.302+05:30"},"s":"I",  "c":"STORAGE",  "id":22323,   "ctx":"consoleTerminate","msg":"Finished shutting down checkpoint thread"}
{"t":{"$date":"2024-10-13T22:10:01.302+05:30"},"s":"I",  "c":"STORAGE",  "id":22261,   "ctx":"consoleTerminate","msg":"Timestamp monitor shutting down"}
{"t":{"$date":"2024-10-13T22:10:01.302+05:30"},"s":"I",  "c":"STORAGE",  "id":20282,   "ctx":"consoleTerminate","msg":"Deregistering all the collections"}
{"t":{"$date":"2024-10-13T22:10:01.302+05:30"},"s":"I",  "c":"STORAGE",  "id":22317,   "ctx":"consoleTerminate","msg":"WiredTigerKVEngine shutting down"}
{"t":{"$date":"2024-10-13T22:10:01.302+05:30"},"s":"I",  "c":"STORAGE",  "id":22318,   "ctx":"consoleTerminate","msg":"Shutting down session sweeper thread"}
{"t":{"$date":"2024-10-13T22:10:01.302+05:30"},"s":"I",  "c":"STORAGE",  "id":22319,   "ctx":"consoleTerminate","msg":"Finished shutting down session sweeper thread"}
{"t":{"$date":"2024-10-13T22:10:01.411+05:30"},"s":"I",  "c":"STORAGE",  "id":4795902, "ctx":"consoleTerminate","msg":"Closing WiredTiger","attr":{"closeConfig":"leak_memory=true,use_timestamp=false,"}}
{"t":{"$date":"2024-10-13T22:10:01.415+05:30"},"s":"I",  "c":"WTCHKPT",  "id":22430,   "ctx":"consoleTerminate","msg":"WiredTiger message","attr":{"message":{"ts_sec":1728837601,"ts_usec":415086,"thread":"3372:140727355385680","session_name":"close_ckpt","category":"WT_VERB_CHECKPOINT_PROGRESS","category_id":7,"verbose_level":"DEBUG_1","verbose_level_id":1,"msg":"saving checkpoint snapshot min: 4, snapshot max: 4 snapshot count: 0, oldest timestamp: (0, 0) , meta checkpoint timestamp: (0, 0) base write gen: 106"}}}
{"t":{"$date":"2024-10-13T22:10:01.546+05:30"},"s":"I",  "c":"WTRECOV",  "id":22430,   "ctx":"consoleTerminate","msg":"WiredTiger message","attr":{"message":{"ts_sec":1728837601,"ts_usec":546061,"thread":"3372:140727355385680","session_name":"WT_CONNECTION.close","category":"WT_VERB_RECOVERY_PROGRESS","category_id":34,"verbose_level":"DEBUG_1","verbose_level_id":1,"msg":"shutdown checkpoint has successfully finished and ran for 133 milliseconds"}}}
{"t":{"$date":"2024-10-13T22:10:01.546+05:30"},"s":"I",  "c":"WTRECOV",  "id":22430,   "ctx":"consoleTerminate","msg":"WiredTiger message","attr":{"message":{"ts_sec":1728837601,"ts_usec":546061,"thread":"3372:140727355385680","session_name":"WT_CONNECTION.close","category":"WT_VERB_RECOVERY_PROGRESS","category_id":34,"verbose_level":"DEBUG_1","verbose_level_id":1,"msg":"shutdown was completed successfully and took 134ms, including 0ms for the rollback to stable, and 133ms for the checkpoint."}}}
{"t":{"$date":"2024-10-13T22:10:01.599+05:30"},"s":"I",  "c":"STORAGE",  "id":4795901, "ctx":"consoleTerminate","msg":"WiredTiger closed","attr":{"durationMillis":188}}
{"t":{"$date":"2024-10-13T22:10:01.599+05:30"},"s":"I",  "c":"STORAGE",  "id":22281,   "ctx":"consoleTerminate","msg":"shutdown: removing fs lock..."}
{"t":{"$date":"2024-10-13T22:10:01.599+05:30"},"s":"I",  "c":"-",        "id":4784931, "ctx":"consoleTerminate","msg":"Dropping the scope cache for shutdown"}
{"t":{"$date":"2024-10-13T22:10:01.599+05:30"},"s":"I",  "c":"FTDC",     "id":20626,   "ctx":"consoleTerminate","msg":"Shutting down full-time diagnostic data capture"}
{"t":{"$date":"2024-10-13T22:10:01.602+05:30"},"s":"I",  "c":"CONTROL",  "id":20565,   "ctx":"consoleTerminate","msg":"Now exiting"}
{"t":{"$date":"2024-10-13T22:10:01.603+05:30"},"s":"I",  "c":"CONTROL",  "id":8423404, "ctx":"consoleTerminate","msg":"mongod shutdown complete","attr":{"Summary of time elapsed":{"Statistics":{"Enter terminal shutdown":"0 ms","Step down the replication coordinator for shutdown":"0 ms","Time spent in quiesce mode":"0 ms","Shut down FLE Crud subsystem":"1 ms","Shut down MirrorMaestro":"0 ms","Shut down WaitForMajorityService":"1 ms","Shut down the logical session cache":"1 ms","Shut down the global connection pool":"1 ms","Shut down the flow control ticket holder":"0 ms","Shut down the thread that aborts expired transactions":"0 ms","Kill all operations for shutdown":"0 ms","Shut down all tenant migration access blockers on global shutdown":"0 ms","Shut down all open transactions":"0 ms","Acquire the RSTL for shutdown":"0 ms","Shut down the IndexBuildsCoordinator and wait for index builds to finish":"0 ms","Shut down the replica set monitor":"0 ms","Shut down the migration util executor":"1 ms","Shut down the transport layer":"0 ms","Shut down the health log":"0 ms","Shut down the TTL monitor":"0 ms","Shut down expired pre-images and documents removers":"0 ms","Shut down the storage engine":"298 ms","Wait for the oplog cap maintainer thread to stop":"0 ms","Shut down full-time data capture":"0 ms","Shut down online certificate status protocol manager":"0 ms","shutdownTask total elapsed time":"306 ms"}}}}
{"t":{"$date":"2024-10-13T22:10:01.603+05:30"},"s":"I",  "c":"CONTROL",  "id":23138,   "ctx":"consoleTerminate","msg":"Shutting down","attr":{"exitCode":12}}
